<?xml version="1.0" encoding="UTF-8" standalone="no"?>
<!DOCTYPE log SYSTEM "logger.dtd">
<log>
<record>
  <date>2019-04-04T14:09:53.927-0300</date>
  <logger>GABRIEL DE OLIVEIRA MEIRA NOBREGA</logger>
  <level>FINE</level>
  <message>File 118110276-GABRIEL DE OLIVEIRA MEIRA NOBREGA.zip was received. It was sent by GABRIEL DE OLIVEIRA MEIRA NOBREGA from IP 150.165.42.180</message>
</record>
</log>
<?xml version="1.0" encoding="UTF-8" standalone="no"?>
<!DOCTYPE log SYSTEM "logger.dtd">
<log>
<record>
  <date>2019-04-04T15:22:38.259-0300</date>
  <logger>GABRIEL DE OLIVEIRA MEIRA NOBREGA</logger>
  <level>FINE</level>
  <message>File 118110276-GABRIEL DE OLIVEIRA MEIRA NOBREGA.zip was received. It was sent by GABRIEL DE OLIVEIRA MEIRA NOBREGA from IP 150.165.42.180</message>
</record>
</log>
<?xml version="1.0" encoding="UTF-8" standalone="no"?>
<!DOCTYPE log SYSTEM "logger.dtd">
<log>
<record>
  <date>2019-04-04T15:23:23.639-0300</date>
  <logger>GABRIEL DE OLIVEIRA MEIRA NOBREGA</logger>
  <level>FINE</level>
  <message>File 118110276-GABRIEL DE OLIVEIRA MEIRA NOBREGA.zip was received. It was sent by GABRIEL DE OLIVEIRA MEIRA NOBREGA from IP 150.165.42.180</message>
</record>
</log>
<?xml version="1.0" encoding="UTF-8" standalone="no"?>
<!DOCTYPE log SYSTEM "logger.dtd">
<log>
<record>
  <date>2019-04-04T15:23:50.876-0300</date>
  <logger>GABRIEL DE OLIVEIRA MEIRA NOBREGA</logger>
  <level>FINE</level>
  <message>File 118110276-GABRIEL DE OLIVEIRA MEIRA NOBREGA.zip was received. It was sent by GABRIEL DE OLIVEIRA MEIRA NOBREGA from IP 150.165.42.180</message>
</record>
</log>
<?xml version="1.0" encoding="UTF-8" standalone="no"?>
<!DOCTYPE log SYSTEM "logger.dtd">
<log>
<record>
  <date>2019-04-04T15:24:30.184-0300</date>
  <logger>GABRIEL DE OLIVEIRA MEIRA NOBREGA</logger>
  <level>FINE</level>
  <message>File 118110276-GABRIEL DE OLIVEIRA MEIRA NOBREGA.zip was received. It was sent by GABRIEL DE OLIVEIRA MEIRA NOBREGA from IP 150.165.42.180</message>
</record>
</log>
<?xml version="1.0" encoding="UTF-8" standalone="no"?>
<!DOCTYPE log SYSTEM "logger.dtd">
<log>
<record>
  <date>2019-04-04T15:26:57.352-0300</date>
  <logger>GABRIEL DE OLIVEIRA MEIRA NOBREGA</logger>
  <level>FINE</level>
  <message>File 118110276-GABRIEL DE OLIVEIRA MEIRA NOBREGA.zip was received. It was sent by GABRIEL DE OLIVEIRA MEIRA NOBREGA from IP 150.165.42.180</message>
</record>
</log>
<?xml version="1.0" encoding="UTF-8" standalone="no"?>
<!DOCTYPE log SYSTEM "logger.dtd">
<log>
<record>
  <date>2019-04-04T15:27:49.912-0300</date>
  <logger>GABRIEL DE OLIVEIRA MEIRA NOBREGA</logger>
  <level>FINE</level>
  <message>File 118110276-GABRIEL DE OLIVEIRA MEIRA NOBREGA.zip was received. It was sent by GABRIEL DE OLIVEIRA MEIRA NOBREGA from IP 150.165.42.180</message>
</record>
</log>
<?xml version="1.0" encoding="UTF-8" standalone="no"?>
<!DOCTYPE log SYSTEM "logger.dtd">
<log>
<record>
  <date>2019-04-04T19:41:35.418-0300</date>
  <logger>GABRIEL DE OLIVEIRA MEIRA NOBREGA</logger>
  <level>FINE</level>
  <message>File 118110276-GABRIEL DE OLIVEIRA MEIRA NOBREGA.zip was received. It was sent by GABRIEL DE OLIVEIRA MEIRA NOBREGA from IP 192.168.25.93</message>
</record>
</log>
<?xml version="1.0" encoding="UTF-8" standalone="no"?>
<!DOCTYPE log SYSTEM "logger.dtd">
<log>
<record>
  <date>2019-04-04T19:42:41.920-0300</date>
  <logger>GABRIEL DE OLIVEIRA MEIRA NOBREGA</logger>
  <level>FINE</level>
  <message>File 118110276-GABRIEL DE OLIVEIRA MEIRA NOBREGA.zip was received. It was sent by GABRIEL DE OLIVEIRA MEIRA NOBREGA from IP 192.168.25.93</message>
</record>
