<?xml version="1.0" encoding="UTF-8" standalone="no"?>
<!DOCTYPE log SYSTEM "logger.dtd">
<log>
<record>
  <date>2019-04-22T16:13:38.257-0300</date>
  <logger>GABRIEL DE OLIVEIRA MEIRA NOBREGA</logger>
  <level>FINE</level>
  <message>File 118110276-GABRIEL DE OLIVEIRA MEIRA NOBREGA.zip was received. It was sent by GABRIEL DE OLIVEIRA MEIRA NOBREGA from IP 192.168.25.66</message>
</record>
</log>
<?xml version="1.0" encoding="UTF-8" standalone="no"?>
<!DOCTYPE log SYSTEM "logger.dtd">
<log>
<record>
  <date>2019-04-22T22:29:55.152-0300</date>
  <logger>GABRIEL DE OLIVEIRA MEIRA NOBREGA</logger>
  <level>FINE</level>
  <message>File 118110276-GABRIEL DE OLIVEIRA MEIRA NOBREGA.zip was received. It was sent by GABRIEL DE OLIVEIRA MEIRA NOBREGA from IP 192.168.25.66</message>
</record>
</log>
<?xml version="1.0" encoding="UTF-8" standalone="no"?>
<!DOCTYPE log SYSTEM "logger.dtd">
<log>
<record>
  <date>2019-04-22T22:34:20.766-0300</date>
  <logger>GABRIEL DE OLIVEIRA MEIRA NOBREGA</logger>
  <level>FINE</level>
  <message>File 118110276-GABRIEL DE OLIVEIRA MEIRA NOBREGA.zip was received. It was sent by GABRIEL DE OLIVEIRA MEIRA NOBREGA from IP 192.168.25.66</message>
</record>
