<?xml version="1.0" encoding="UTF-8" standalone="no"?>
<!DOCTYPE log SYSTEM "logger.dtd">
<log>
<record>
  <date>2019-04-08T16:15:16.151-0300</date>
  <logger>GABRIEL DE OLIVEIRA MEIRA NOBREGA</logger>
  <level>FINE</level>
  <message>File 118110276-GABRIEL DE OLIVEIRA MEIRA NOBREGA.zip was received. It was sent by GABRIEL DE OLIVEIRA MEIRA NOBREGA from IP 150.165.42.181</message>
</record>
</log>
<?xml version="1.0" encoding="UTF-8" standalone="no"?>
<!DOCTYPE log SYSTEM "logger.dtd">
<log>
<record>
  <date>2019-04-08T21:17:23.437-0300</date>
  <logger>GABRIEL DE OLIVEIRA MEIRA NOBREGA</logger>
  <level>FINE</level>
  <message>File 118110276-GABRIEL DE OLIVEIRA MEIRA NOBREGA.zip was received. It was sent by GABRIEL DE OLIVEIRA MEIRA NOBREGA from IP 192.168.25.93</message>
</record>
</log>
<?xml version="1.0" encoding="UTF-8" standalone="no"?>
<!DOCTYPE log SYSTEM "logger.dtd">
<log>
<record>
  <date>2019-04-08T21:20:22.724-0300</date>
  <logger>GABRIEL DE OLIVEIRA MEIRA NOBREGA</logger>
  <level>FINE</level>
  <message>File 118110276-GABRIEL DE OLIVEIRA MEIRA NOBREGA.zip was received. It was sent by GABRIEL DE OLIVEIRA MEIRA NOBREGA from IP 192.168.25.93</message>
</record>
</log>
<?xml version="1.0" encoding="UTF-8" standalone="no"?>
<!DOCTYPE log SYSTEM "logger.dtd">
<log>
<record>
  <date>2019-04-08T21:29:35.868-0300</date>
  <logger>GABRIEL DE OLIVEIRA MEIRA NOBREGA</logger>
  <level>FINE</level>
  <message>File 118110276-GABRIEL DE OLIVEIRA MEIRA NOBREGA.zip was received. It was sent by GABRIEL DE OLIVEIRA MEIRA NOBREGA from IP 192.168.25.93</message>
</record>
